#
# A fatal error has been detected by the Java Runtime Environment:
#
#  SIGSEGV (0xb) at pc=0x00007fff88cc2e5d, pid=19057, tid=2571
#
# JRE version: Java(TM) SE Runtime Environment (8.0_45-b14) (build 1.8.0_45-b14)
# Java VM: Java HotSpot(TM) 64-Bit Server VM (25.45-b02 mixed mode bsd-amd64 compressed oops)
# Problematic frame:
# C  [libobjc.A.dylib+0x7e5d]  objc_msgSend+0x1d
#
# Failed to write core dump. Core dumps have been disabled. To enable core dumping, try "ulimit -c unlimited" before starting Java again
#
# If you would like to submit a bug report, please visit:
#   http://bugreport.java.com/bugreport/crash.jsp
# The crash happened outside the Java Virtual Machine in native code.
# See problematic frame for where to report the bug.
#

---------------  T H R E A D  ---------------

Current thread (0x00007f8cea818000):  JavaThread "JavaFX Application Thread" [_thread_in_native, id=2571, stack(0x00007fff5783b000,0x00007fff5803b000)]

siginfo: si_signo: 11 (SIGSEGV), si_code: 1 (SEGV_MAPERR), si_addr: 0x0000000000000018

Registers:
RAX=0x0000000109007100, RBX=0x00007f8cea8181f8, RCX=0x00007f8cecb36f60, RDX=0x0000000000000004
RSP=0x00007fff5802cc18, RBP=0x00007fff5802d060, RSI=0x000000012169f3c2, RDI=0x00007f8cea5bec00
R8 =0x00007f8cea7122e0, R9 =0x0000000000000000, R10=0x000000012169f3c2, R11=0x0000000000000000
R12=0x00007f8cef07d6e0, R13=0x00000000000002cc, R14=0x0000000000000001, R15=0x0000000108b0f653
RIP=0x00007fff88cc2e5d, EFLAGS=0x0000000000010246, ERR=0x0000000000000004
  TRAPNO=0x000000000000000e

Top of Stack: (sp=0x00007fff5802cc18)
0x00007fff5802cc18:   0000000121687f9e 00000000796d00a0
0x00007fff5802cc28:   0000000042000000 00007fff94b9cdcf
0x00007fff5802cc38:   0000000077ad21e0 00007f8cecbbfdb0
0x00007fff5802cc48:   00007f8cea8181f8 00007f8cecb36f60
0x00007fff5802cc58:   0000000000000000 00007f8cea5afe40
0x00007fff5802cc68:   00007fff94b9c984 00007fff94b9c99b
0x00007fff5802cc78:   0000000000000003 00007fff5802ccb8
0x00007fff5802cc88:   00007f8cea5afe58 0000000000000000
0x00007fff5802cc98:   0000000000000000 0000000000000000
0x00007fff5802cca8:   0000000000000000 0000000000000000
0x00007fff5802ccb8:   00007f8cea5daf80 0000003002000000
0x00007fff5802ccc8:   00007fff94b9c984 00007fff94b9c99b
0x00007fff5802ccd8:   0000000000000000 000000f800000000
0x00007fff5802cce8:   000000000000001d 40542ac000000000
0x00007fff5802ccf8:   405c114000000000 0000000000000000
0x00007fff5802cd08:   0000000000000000 00002477b1240969
0x00007fff5802cd18:   0000000000000100 0000000000000000
0x00007fff5802cd28:   0000000000000000 0000000400000000
0x00007fff5802cd38:   0000000000000000 0000000000000001
0x00007fff5802cd48:   00000001000026fa 0000000000004a71
0x00007fff5802cd58:   0003ab4f002d62d6 0000000000000000
0x00007fff5802cd68:   0000000000000000 0000000000000000
0x00007fff5802cd78:   0000000000000000 0000000000000000
0x00007fff5802cd88:   0000000000000000 0000000000000000
0x00007fff5802cd98:   0000000000000000 0000000000000000
0x00007fff5802cda8:   0000000000000000 00007f8cef042130
0x00007fff5802cdb8:   0000000000000000 00007f8cef072720
0x00007fff5802cdc8:   0000000000000000 0000000000000000
0x00007fff5802cdd8:   405c114000000000 75000cd58bbd0f27
0x00007fff5802cde8:   0000000000000008 00007f8cea5c2ab0
0x00007fff5802cdf8:   0000000000000020 0000000000000000
0x00007fff5802ce08:   00007fff5802cf30 00007fff5802cf20 

Instructions: (pc=0x00007fff88cc2e5d)
0x00007fff88cc2e3d:   44 00 00 48 85 ff 2e 74 62 40 f6 c7 01 2e 75 66
0x00007fff88cc2e4d:   49 bb f8 ff ff ff ff 7f 00 00 4c 23 1f 49 89 f2
0x00007fff88cc2e5d:   45 23 53 18 49 c1 e2 04 4d 03 53 10 49 3b 32 75
0x00007fff88cc2e6d:   04 41 ff 62 08 49 83 3a 01 76 0d 49 83 c2 10 49 

Register to memory mapping:

RAX=0x0000000109007100: jni_NativeInterface+0 in /Library/Java/JavaVirtualMachines/jdk1.8.0_45.jdk/Contents/Home/jre/lib/server/libjvm.dylib at 0x0000000108800000
RBX=0x00007f8cea8181f8 is an unknown value
RCX=0x00007f8cecb36f60 is an unknown value
RDX=0x0000000000000004 is an unknown value
RSP=0x00007fff5802cc18 is pointing into the stack for thread: 0x00007f8cea818000
RBP=0x00007fff5802d060 is pointing into the stack for thread: 0x00007f8cea818000
RSI=0x000000012169f3c2: __FUNCTION__.95075+0x952 in /Library/Java/JavaVirtualMachines/jdk1.8.0_45.jdk/Contents/Home/jre/lib/libglass.dylib at 0x0000000121670000
RDI=0x00007f8cea5bec00 is an unknown value
R8 =0x00007f8cea7122e0 is an unknown value
R9 =0x0000000000000000 is an unknown value
R10=0x000000012169f3c2: __FUNCTION__.95075+0x952 in /Library/Java/JavaVirtualMachines/jdk1.8.0_45.jdk/Contents/Home/jre/lib/libglass.dylib at 0x0000000121670000
R11=0x0000000000000000 is an unknown value
R12=0x00007f8cef07d6e0 is an unknown value
R13=0x00000000000002cc is an unknown value
R14=0x0000000000000001 is an unknown value
R15=0x0000000108b0f653: jni_CallStaticVoidMethod+0 in /Library/Java/JavaVirtualMachines/jdk1.8.0_45.jdk/Contents/Home/jre/lib/server/libjvm.dylib at 0x0000000108800000


Stack: [0x00007fff5783b000,0x00007fff5803b000],  sp=0x00007fff5802cc18,  free space=8135k
Native frames: (J=compiled Java code, j=interpreted, Vv=VM code, C=native code)
C  [libobjc.A.dylib+0x7e5d]  objc_msgSend+0x1d
C  [libglass.dylib+0x1764e]  listenTouchEvents+0x5e
C  [CoreGraphics+0x431ba7]  processEventTapData+0x281
C  [CoreGraphics+0x15c11f]  _XPostEventTapData+0x10d
C  [CoreGraphics+0x4318d0]  eventTapMessageHandler+0x85
C  [CoreFoundation+0x9221c]  __CFMachPortPerform+0xfc
C  [CoreFoundation+0x92109]  __CFRUNLOOP_IS_CALLING_OUT_TO_A_SOURCE1_PERFORM_FUNCTION__+0x29
C  [CoreFoundation+0x92079]  __CFRunLoopDoSource1+0x1d9
C  [CoreFoundation+0x89aab]  __CFRunLoopRun+0x87b
C  [CoreFoundation+0x88fc8]  CFRunLoopRunSpecific+0x128
C  [HIToolbox+0x30d55]  RunCurrentEventLoopInMode+0xeb
C  [HIToolbox+0x30b8f]  ReceiveNextEventCommon+0x1b0
C  [HIToolbox+0x309cf]  _BlockUntilNextEventMatchingListInModeWithFilter+0x47
C  [AppKit+0x49d96]  _DPSNextEvent+0x42b
C  [AppKit+0x491c5]  -[NSApplication _nextEventMatchingEventMask:untilDate:inMode:dequeue:]+0x1c6
C  [AppKit+0x3dd28]  -[NSApplication run]+0x2aa
C  [libglass.dylib+0x4ef7]  -[GlassApplication runLoop:]+0x6f7
C  [Foundation+0x7741e]  __NSThreadPerformPerform+0x117
C  [CoreFoundation+0xaa8b1]  __CFRUNLOOP_IS_CALLING_OUT_TO_A_SOURCE0_PERFORM_FUNCTION__+0x11
C  [CoreFoundation+0x8a0ac]  __CFRunLoopDoSources0+0x22c
C  [CoreFoundation+0x895cf]  __CFRunLoopRun+0x39f
C  [CoreFoundation+0x88fc8]  CFRunLoopRunSpecific+0x128
C  [java+0x6490]  CreateExecutionEnvironment+0x367
C  [java+0x221c]  JLI_Launch+0x7a0
C  [java+0x84ed]  main+0x65
C  [java+0x1a74]  start+0x34
C  0x0000000000000008


---------------  P R O C E S S  ---------------

Java Threads: ( => current thread )
  0x00007f8ceb9b8000 JavaThread "Timer-0" daemon [_thread_blocked, id=13359, stack(0x00007000017e8000,0x00007000018e8000)]
  0x00007f8ceb066000 JavaThread "Abandoned connection cleanup thread" daemon [_thread_blocked, id=58887, stack(0x00007000018eb000,0x00007000019eb000)]
  0x00007f8cea9bf000 JavaThread "Prism Font Disposer" daemon [_thread_blocked, id=52487, stack(0x0000700001662000,0x0000700001762000)]
  0x00007f8ceb946000 JavaThread "Thread-4" daemon [_thread_in_native, id=37891, stack(0x000070000155c000,0x00007000015dc000)]
=>0x00007f8cea818000 JavaThread "JavaFX Application Thread" [_thread_in_native, id=2571, stack(0x00007fff5783b000,0x00007fff5803b000)]
  0x00007f8ceb091000 JavaThread "Thread-2" daemon [_thread_blocked, id=26135, stack(0x00007000013d6000,0x00007000014d6000)]
  0x00007f8ceb8f1000 JavaThread "QuantumRenderer-0" daemon [_thread_blocked, id=20995, stack(0x00007000012d3000,0x00007000013d3000)]
  0x00007f8ceb03d000 JavaThread "JavaFX-Launcher" [_thread_blocked, id=20483, stack(0x00007000011d0000,0x00007000012d0000)]
  0x00007f8ceb02c800 JavaThread "Monitor Ctrl-Break" daemon [_thread_in_native, id=19971, stack(0x00007000010cd000,0x00007000011cd000)]
  0x00007f8cea812800 JavaThread "Service Thread" daemon [_thread_blocked, id=18947, stack(0x0000700000ec7000,0x0000700000fc7000)]
  0x00007f8ceb029800 JavaThread "C1 CompilerThread2" daemon [_thread_blocked, id=18435, stack(0x0000700000dc4000,0x0000700000ec4000)]
  0x00007f8ceb029000 JavaThread "C2 CompilerThread1" daemon [_thread_blocked, id=17923, stack(0x0000700000cc1000,0x0000700000dc1000)]
  0x00007f8cec045000 JavaThread "C2 CompilerThread0" daemon [_thread_blocked, id=17411, stack(0x0000700000bbe000,0x0000700000cbe000)]
  0x00007f8cec001800 JavaThread "Signal Dispatcher" daemon [_thread_blocked, id=16659, stack(0x0000700000abb000,0x0000700000bbb000)]
  0x00007f8ceb012800 JavaThread "Finalizer" daemon [_thread_blocked, id=12291, stack(0x000070000082f000,0x000070000092f000)]
  0x00007f8cec025000 JavaThread "Reference Handler" daemon [_thread_blocked, id=11779, stack(0x000070000072c000,0x000070000082c000)]
  0x00007f8ceb002000 JavaThread "main" [_thread_blocked, id=5891, stack(0x000070000011a000,0x000070000021a000)]

Other Threads:
  0x00007f8cec022800 VMThread [stack: 0x0000700000629000,0x0000700000729000] [id=11267]
  0x00007f8cea813800 WatcherThread [stack: 0x0000700000fca000,0x00007000010ca000] [id=19459]

VM state:not at safepoint (normal execution)

VM Mutex/Monitor currently owned by a thread: None

Heap:
 PSYoungGen      total 58880K, used 42815K [0x0000000795580000, 0x0000000799d80000, 0x00000007c0000000)
  eden space 56832K, 71% used [0x0000000795580000,0x0000000797d6bd28,0x0000000798d00000)
  from space 2048K, 94% used [0x0000000799b80000,0x0000000799d64010,0x0000000799d80000)
  to   space 5120K, 0% used [0x0000000799380000,0x0000000799380000,0x0000000799880000)
 ParOldGen       total 72192K, used 15484K [0x0000000740000000, 0x0000000744680000, 0x0000000795580000)
  object space 72192K, 21% used [0x0000000740000000,0x0000000740f1f318,0x0000000744680000)
 Metaspace       used 24557K, capacity 26004K, committed 26240K, reserved 1071104K
  class space    used 3362K, capacity 3633K, committed 3712K, reserved 1048576K

Card table byte_map: [0x0000000118b29000,0x0000000118f2a000] byte_map_base: 0x0000000115129000

Marking Bits: (ParMarkBitMap*) 0x00000001090c27a0
 Begin Bits: [0x00000001191d5000, 0x000000011b1d5000)
 End Bits:   [0x000000011b1d5000, 0x000000011d1d5000)

Polling page: 0x0000000107e88000

CodeCache: size=245760Kb used=13094Kb max_used=13094Kb free=232665Kb
 bounds [0x0000000109769000, 0x000000010a449000, 0x0000000118769000]
 total_blobs=4768 nmethods=4005 adapters=675
 compilation: enabled

Compilation events (10 events):
Event: 27.385 Thread 0x00007f8ceb029800 4320       3       java.lang.invoke.MethodHandleNatives::linkCallSiteImpl (44 bytes)
Event: 27.385 Thread 0x00007f8ceb029800 nmethod 4320 0x000000010a423990 code [0x000000010a423b60, 0x000000010a4242b8]
Event: 27.385 Thread 0x00007f8ceb029800 4321   !   3       java.lang.invoke.CallSite::makeSite (457 bytes)
Event: 27.390 Thread 0x00007f8ceb029800 nmethod 4321 0x000000010a431290 code [0x000000010a4318a0, 0x000000010a436668]
Event: 27.390 Thread 0x00007f8ceb029800 4324       3       java.lang.invoke.MethodHandles$Lookup::lookupModes (8 bytes)
Event: 27.390 Thread 0x00007f8ceb029800 nmethod 4324 0x000000010a423690 code [0x000000010a4237e0, 0x000000010a423930]
Event: 27.390 Thread 0x00007f8ceb029800 4325       3       java.lang.invoke.AbstractValidatingLambdaMetafactory::isAdaptableToAsReturn (36 bytes)
Event: 27.391 Thread 0x00007f8ceb029800 nmethod 4325 0x000000010a439a50 code [0x000000010a439be0, 0x000000010a43a0e8]
Event: 27.397 Thread 0x00007f8ceb029800 4328       3       java.lang.invoke.LambdaForm$DMH/989110044::invokeStatic_L6_L (24 bytes)
Event: 27.397 Thread 0x00007f8ceb029800 nmethod 4328 0x000000010a43a250 code [0x000000010a43a3e0, 0x000000010a43a998]

GC Heap History (10 events):
Event: 1.451 GC heap before
{Heap before GC invocations=1 (full 0):
 PSYoungGen      total 38400K, used 29874K [0x0000000795580000, 0x0000000798000000, 0x00000007c0000000)
  eden space 33280K, 89% used [0x0000000795580000,0x00000007972ac8e8,0x0000000797600000)
  from space 5120K, 0% used [0x0000000797b00000,0x0000000797b00000,0x0000000798000000)
  to   space 5120K, 0% used [0x0000000797600000,0x0000000797600000,0x0000000797b00000)
 ParOldGen       total 87552K, used 0K [0x0000000740000000, 0x0000000745580000, 0x0000000795580000)
  object space 87552K, 0% used [0x0000000740000000,0x0000000740000000,0x0000000745580000)
 Metaspace       used 12959K, capacity 13414K, committed 13696K, reserved 1060864K
  class space    used 1728K, capacity 1886K, committed 1920K, reserved 1048576K
Event: 1.457 GC heap after
Heap after GC invocations=1 (full 0):
 PSYoungGen      total 38400K, used 3856K [0x0000000795580000, 0x0000000798000000, 0x00000007c0000000)
  eden space 33280K, 0% used [0x0000000795580000,0x0000000795580000,0x0000000797600000)
  from space 5120K, 75% used [0x0000000797600000,0x00000007979c4030,0x0000000797b00000)
  to   space 5120K, 0% used [0x0000000797b00000,0x0000000797b00000,0x0000000798000000)
 ParOldGen       total 87552K, used 80K [0x0000000740000000, 0x0000000745580000, 0x0000000795580000)
  object space 87552K, 0% used [0x0000000740000000,0x0000000740014010,0x0000000745580000)
 Metaspace       used 12959K, capacity 13414K, committed 13696K, reserved 1060864K
  class space    used 1728K, capacity 1886K, committed 1920K, reserved 1048576K
}
Event: 7.809 GC heap before
{Heap before GC invocations=2 (full 0):
 PSYoungGen      total 38400K, used 37136K [0x0000000795580000, 0x0000000798000000, 0x00000007c0000000)
  eden space 33280K, 100% used [0x0000000795580000,0x0000000797600000,0x0000000797600000)
  from space 5120K, 75% used [0x0000000797600000,0x00000007979c4030,0x0000000797b00000)
  to   space 5120K, 0% used [0x0000000797b00000,0x0000000797b00000,0x0000000798000000)
 ParOldGen       total 87552K, used 80K [0x0000000740000000, 0x0000000745580000, 0x0000000795580000)
  object space 87552K, 0% used [0x0000000740000000,0x0000000740014010,0x0000000745580000)
 Metaspace       used 19961K, capacity 20730K, committed 20864K, reserved 1067008K
  class space    used 2740K, capacity 2928K, committed 2944K, reserved 1048576K
Event: 7.824 GC heap after
Heap after GC invocations=2 (full 0):
 PSYoungGen      total 38400K, used 5114K [0x0000000795580000, 0x0000000798000000, 0x00000007c0000000)
  eden space 33280K, 0% used [0x0000000795580000,0x0000000795580000,0x0000000797600000)
  from space 5120K, 99% used [0x0000000797b00000,0x0000000797ffe880,0x0000000798000000)
  to   space 5120K, 0% used [0x0000000797600000,0x0000000797600000,0x0000000797b00000)
 ParOldGen       total 87552K, used 12803K [0x0000000740000000, 0x0000000745580000, 0x0000000795580000)
  object space 87552K, 14% used [0x0000000740000000,0x0000000740c80cc8,0x0000000745580000)
 Metaspace       used 19961K, capacity 20730K, committed 20864K, reserved 1067008K
  class space    used 2740K, capacity 2928K, committed 2944K, reserved 1048576K
}
Event: 8.015 GC heap before
{Heap before GC invocations=3 (full 0):
 PSYoungGen      total 38400K, used 7531K [0x0000000795580000, 0x0000000798000000, 0x00000007c0000000)
  eden space 33280K, 7% used [0x0000000795580000,0x00000007957dc768,0x0000000797600000)
  from space 5120K, 99% used [0x0000000797b00000,0x0000000797ffe880,0x0000000798000000)
  to   space 5120K, 0% used [0x0000000797600000,0x0000000797600000,0x0000000797b00000)
 ParOldGen       total 87552K, used 12803K [0x0000000740000000, 0x0000000745580000, 0x0000000795580000)
  object space 87552K, 14% used [0x0000000740000000,0x0000000740c80cc8,0x0000000745580000)
 Metaspace       used 20378K, capacity 21120K, committed 21248K, reserved 1067008K
  class space    used 2783K, capacity 2993K, committed 3072K, reserved 1048576K
Event: 8.024 GC heap after
Heap after GC invocations=3 (full 0):
 PSYoungGen      total 38400K, used 5098K [0x0000000795580000, 0x000000079a080000, 0x00000007c0000000)
  eden space 33280K, 0% used [0x0000000795580000,0x0000000795580000,0x0000000797600000)
  from space 5120K, 99% used [0x0000000797600000,0x0000000797afa890,0x0000000797b00000)
  to   space 5120K, 0% used [0x0000000799b80000,0x0000000799b80000,0x000000079a080000)
 ParOldGen       total 87552K, used 13191K [0x0000000740000000, 0x0000000745580000, 0x0000000795580000)
  object space 87552K, 15% used [0x0000000740000000,0x0000000740ce1dc8,0x0000000745580000)
 Metaspace       used 20378K, capacity 21120K, committed 21248K, reserved 1067008K
  class space    used 2783K, capacity 2993K, committed 3072K, reserved 1048576K
}
Event: 8.024 GC heap before
{Heap before GC invocations=4 (full 1):
 PSYoungGen      total 38400K, used 5098K [0x0000000795580000, 0x000000079a080000, 0x00000007c0000000)
  eden space 33280K, 0% used [0x0000000795580000,0x0000000795580000,0x0000000797600000)
  from space 5120K, 99% used [0x0000000797600000,0x0000000797afa890,0x0000000797b00000)
  to   space 5120K, 0% used [0x0000000799b80000,0x0000000799b80000,0x000000079a080000)
 ParOldGen       total 87552K, used 13191K [0x0000000740000000, 0x0000000745580000, 0x0000000795580000)
  object space 87552K, 15% used [0x0000000740000000,0x0000000740ce1dc8,0x0000000745580000)
 Metaspace       used 20378K, capacity 21120K, committed 21248K, reserved 1067008K
  class space    used 2783K, capacity 2993K, committed 3072K, reserved 1048576K
Event: 8.066 GC heap after
Heap after GC invocations=4 (full 1):
 PSYoungGen      total 38400K, used 0K [0x0000000795580000, 0x000000079a080000, 0x00000007c0000000)
  eden space 33280K, 0% used [0x0000000795580000,0x0000000795580000,0x0000000797600000)
  from space 5120K, 0% used [0x0000000797600000,0x0000000797600000,0x0000000797b00000)
  to   space 5120K, 0% used [0x0000000799b80000,0x0000000799b80000,0x000000079a080000)
 ParOldGen       total 72192K, used 15476K [0x0000000740000000, 0x0000000744680000, 0x0000000795580000)
  object space 72192K, 21% used [0x0000000740000000,0x0000000740f1d318,0x0000000744680000)
 Metaspace       used 20378K, capacity 21120K, committed 21248K, reserved 1067008K
  class space    used 2783K, capacity 2993K, committed 3072K, reserved 1048576K
}
Event: 13.719 GC heap before
{Heap before GC invocations=5 (full 1):
 PSYoungGen      total 38400K, used 33280K [0x0000000795580000, 0x000000079a080000, 0x00000007c0000000)
  eden space 33280K, 100% used [0x0000000795580000,0x0000000797600000,0x0000000797600000)
  from space 5120K, 0% used [0x0000000797600000,0x0000000797600000,0x0000000797b00000)
  to   space 5120K, 0% used [0x0000000799b80000,0x0000000799b80000,0x000000079a080000)
 ParOldGen       total 72192K, used 15476K [0x0000000740000000, 0x0000000744680000, 0x0000000795580000)
  object space 72192K, 21% used [0x0000000740000000,0x0000000740f1d318,0x0000000744680000)
 Metaspace       used 21973K, capacity 22894K, committed 23040K, reserved 1069056K
  class space    used 3000K, capacity 3228K, committed 3328K, reserved 1048576K
Event: 13.725 GC heap after
Heap after GC invocations=5 (full 1):
 PSYoungGen      total 58880K, used 1936K [0x0000000795580000, 0x0000000799d80000, 0x00000007c0000000)
  eden space 56832K, 0% used [0x0000000795580000,0x0000000795580000,0x0000000798d00000)
  from space 2048K, 94% used [0x0000000799b80000,0x0000000799d64010,0x0000000799d80000)
  to   space 5120K, 0% used [0x0000000799380000,0x0000000799380000,0x0000000799880000)
 ParOldGen       total 72192K, used 15484K [0x0000000740000000, 0x0000000744680000, 0x0000000795580000)
  object space 72192K, 21% used [0x0000000740000000,0x0000000740f1f318,0x0000000744680000)
 Metaspace       used 21973K, capacity 22894K, committed 23040K, reserved 1069056K
  class space    used 3000K, capacity 3228K, committed 3328K, reserved 1048576K
}

Deoptimization events (10 events):
Event: 13.763 Thread 0x00007f8cea818000 Uncommon trap: reason=array_check action=maybe_recompile pc=0x000000010a0cb654 method=com.sun.javafx.css.CompoundSelector.applies(Ljavafx/css/Styleable;[Ljava/util/Set;I)Z @ 128
Event: 13.763 Thread 0x00007f8cea818000 Uncommon trap: reason=array_check action=maybe_recompile pc=0x000000010a0cb654 method=com.sun.javafx.css.CompoundSelector.applies(Ljavafx/css/Styleable;[Ljava/util/Set;I)Z @ 128
Event: 14.176 Thread 0x00007f8ceb8f1000 Uncommon trap: reason=unstable_if action=reinterpret pc=0x0000000109c72864 method=com.sun.javafx.geom.RectBounds.isEmpty()Z @ 21
Event: 16.449 Thread 0x00007f8cea818000 Uncommon trap: reason=unstable_if action=reinterpret pc=0x0000000109e949ac method=java.util.concurrent.ConcurrentHashMap.putVal(Ljava/lang/Object;Ljava/lang/Object;Z)Ljava/lang/Object; @ 206
Event: 16.462 Thread 0x00007f8cea818000 Uncommon trap: reason=unstable_if action=reinterpret pc=0x0000000109b30cc8 method=javafx.scene.CssStyleHelper.canReuseStyleHelper(Ljavafx/scene/Node;Lcom/sun/javafx/css/StyleMap;)Z @ 64
Event: 16.479 Thread 0x00007f8cea818000 Uncommon trap: reason=unstable_if action=reinterpret pc=0x0000000109e272b4 method=java.lang.StrictMath.floorOrCeil(DDDD)D @ 38
Event: 16.485 Thread 0x00007f8cea818000 Uncommon trap: reason=null_check action=make_not_entrant pc=0x000000010a2bc34c method=javafx.scene.CssStyleHelper.getCachedFont(Ljavafx/css/Styleable;)Lcom/sun/javafx/css/CalculatedValue; @ 1
Event: 16.485 Thread 0x00007f8cea818000 Uncommon trap: reason=unstable_if action=reinterpret pc=0x000000010a15cd20 method=javafx.scene.CssStyleHelper.lookup(Ljavafx/css/Styleable;Ljavafx/css/CssMetaData;Lcom/sun/javafx/css/StyleMap;Ljava/util/Set;Ljavafx/css/Styleable;Lcom/sun/javafx/css/Calcul
Event: 16.490 Thread 0x00007f8cea818000 Uncommon trap: reason=unstable_if action=reinterpret pc=0x000000010a063c8c method=com.sun.javafx.css.StyleMap.getCascadingStyles()Ljava/util/Map; @ 199
Event: 16.689 Thread 0x00007f8cea818000 Uncommon trap: reason=unstable_if action=reinterpret pc=0x000000010a05d268 method=javafx.scene.CssStyleHelper.getStyle(Ljavafx/css/Styleable;Ljava/lang/String;Lcom/sun/javafx/css/StyleMap;Ljava/util/Set;)Lcom/sun/javafx/css/CascadingStyle; @ 8

Internal exceptions (10 events):
Event: 1.146 Thread 0x00007f8cea818000 Exception <a 'java/lang/ArrayIndexOutOfBoundsException'> (0x0000000796ca5448) thrown at [/Users/java_re/workspace/8-2-build-macosx-x86_64/jdk8u45/3457/hotspot/src/share/vm/runtime/sharedRuntime.cpp, line 605]
Event: 1.202 Thread 0x00007f8cea818000 Exception <a 'java/io/FileNotFoundException'> (0x0000000796e19358) thrown at [/Users/java_re/workspace/8-2-build-macosx-x86_64/jdk8u45/3457/hotspot/src/share/vm/prims/jni.cpp, line 709]
Event: 2.797 Thread 0x00007f8cea818000 Implicit null exception at 0x0000000109a74bb5 to 0x0000000109a74de1
Event: 2.797 Thread 0x00007f8cea818000 Implicit null exception at 0x0000000109b7ee58 to 0x0000000109b7eee6
Event: 2.799 Thread 0x00007f8cea818000 Implicit null exception at 0x0000000109a0822f to 0x0000000109a08299
Event: 6.699 Thread 0x00007f8cea9a0800 Implicit null exception at 0x0000000109a356b5 to 0x0000000109a35a21
Event: 6.712 Thread 0x00007f8cea9a0800 Implicit null exception at 0x0000000109b54223 to 0x0000000109b55ee1
Event: 8.138 Thread 0x00007f8cea818000 Exception <a 'java/lang/ArrayIndexOutOfBoundsException'> (0x0000000795bf5018) thrown at [/Users/java_re/workspace/8-2-build-macosx-x86_64/jdk8u45/3457/hotspot/src/share/vm/runtime/sharedRuntime.cpp, line 605]
Event: 8.146 Thread 0x00007f8cea818000 Exception <a 'java/lang/ArrayIndexOutOfBoundsException'> (0x0000000795cbeb50) thrown at [/Users/java_re/workspace/8-2-build-macosx-x86_64/jdk8u45/3457/hotspot/src/share/vm/runtime/sharedRuntime.cpp, line 605]
Event: 16.485 Thread 0x00007f8cea818000 Implicit null exception at 0x000000010a2b3ab0 to 0x000000010a2bc329

Events (10 events):
Event: 27.376 loading class com/sun/prism/GraphicsResource done
Event: 27.376 loading class com/sun/prism/GraphicsResource
Event: 27.376 loading class com/sun/prism/GraphicsResource done
Event: 27.377 loading class com/sun/javafx/tk/quantum/ViewScene
Event: 27.377 loading class com/sun/javafx/tk/quantum/ViewScene done
Event: 27.378 loading class com/sun/javafx/tk/quantum/WindowStage
Event: 27.378 loading class com/sun/javafx/tk/quantum/WindowStage done
Event: 27.411 loading class javafx/application/Application
Event: 27.411 loading class javafx/application/Application done
Event: 27.411 loading class javafx/application/Application


Dynamic libraries:
0x0000000005188000 	/System/Library/Frameworks/Cocoa.framework/Versions/A/Cocoa
0x0000000005188000 	/System/Library/Frameworks/Security.framework/Versions/A/Security
0x0000000005188000 	/System/Library/Frameworks/ApplicationServices.framework/Versions/A/ApplicationServices
0x0000000005188000 	/usr/lib/libz.1.dylib
0x0000000005188000 	/usr/lib/libSystem.B.dylib
0x0000000005188000 	/usr/lib/libobjc.A.dylib
0x0000000005188000 	/System/Library/Frameworks/CoreFoundation.framework/Versions/A/CoreFoundation
0x0000000005188000 	/System/Library/Frameworks/Foundation.framework/Versions/C/Foundation
0x0000000005188000 	/System/Library/Frameworks/AppKit.framework/Versions/C/AppKit
0x0000000005188000 	/System/Library/Frameworks/CoreData.framework/Versions/A/CoreData
0x0000000005188000 	/System/Library/PrivateFrameworks/RemoteViewServices.framework/Versions/A/RemoteViewServices
0x0000000005188000 	/System/Library/PrivateFrameworks/UIFoundation.framework/Versions/A/UIFoundation
0x0000000005188000 	/usr/lib/libScreenReader.dylib
0x0000000005188000 	/System/Library/Frameworks/Accelerate.framework/Versions/A/Accelerate
0x0000000005188000 	/System/Library/Frameworks/IOSurface.framework/Versions/A/IOSurface
0x0000000005188000 	/System/Library/Frameworks/AudioToolbox.framework/Versions/A/AudioToolbox
0x0000000005188000 	/System/Library/Frameworks/AudioUnit.framework/Versions/A/AudioUnit
0x0000000005188000 	/System/Library/PrivateFrameworks/DataDetectorsCore.framework/Versions/A/DataDetectorsCore
0x0000000005188000 	/System/Library/PrivateFrameworks/DesktopServicesPriv.framework/Versions/A/DesktopServicesPriv
0x0000000005188000 	/System/Library/Frameworks/Carbon.framework/Versions/A/Frameworks/HIToolbox.framework/Versions/A/HIToolbox
0x0000000005188000 	/System/Library/Frameworks/QuartzCore.framework/Versions/A/QuartzCore
0x0000000005188000 	/System/Library/Frameworks/Carbon.framework/Versions/A/Frameworks/SpeechRecognition.framework/Versions/A/SpeechRecognition
0x0000000005188000 	/usr/lib/libauto.dylib
0x0000000005188000 	/usr/lib/libicucore.A.dylib
0x0000000005188000 	/usr/lib/libxml2.2.dylib
0x0000000005188000 	/System/Library/PrivateFrameworks/CoreUI.framework/Versions/A/CoreUI
0x0000000005188000 	/System/Library/Frameworks/CoreAudio.framework/Versions/A/CoreAudio
0x0000000005188000 	/System/Library/Frameworks/DiskArbitration.framework/Versions/A/DiskArbitration
0x0000000005188000 	/usr/lib/liblangid.dylib
0x0000000005188000 	/System/Library/PrivateFrameworks/MultitouchSupport.framework/Versions/A/MultitouchSupport
0x0000000005188000 	/System/Library/Frameworks/IOKit.framework/Versions/A/IOKit
0x0000000005188000 	/usr/lib/libDiagnosticMessagesClient.dylib
0x0000000005188000 	/System/Library/Frameworks/CoreServices.framework/Versions/A/CoreServices
0x0000000005188000 	/System/Library/PrivateFrameworks/PerformanceAnalysis.framework/Versions/A/PerformanceAnalysis
0x0000000005188000 	/System/Library/PrivateFrameworks/GenerationalStorage.framework/Versions/A/GenerationalStorage
0x0000000005188000 	/System/Library/Frameworks/OpenGL.framework/Versions/A/OpenGL
0x0000000005188000 	/System/Library/PrivateFrameworks/Sharing.framework/Versions/A/Sharing
0x0000000005188000 	/System/Library/Frameworks/CoreGraphics.framework/Versions/A/CoreGraphics
0x0000000005188000 	/System/Library/Frameworks/CoreImage.framework/Versions/A/CoreImage
0x0000000005188000 	/System/Library/Frameworks/CoreText.framework/Versions/A/CoreText
0x0000000005188000 	/System/Library/Frameworks/ImageIO.framework/Versions/A/ImageIO
0x0000000005188000 	/System/Library/PrivateFrameworks/Backup.framework/Versions/A/Backup
0x0000000005188000 	/usr/lib/libextension.dylib
0x0000000005188000 	/usr/lib/libarchive.2.dylib
0x0000000005188000 	/System/Library/Frameworks/CFNetwork.framework/Versions/A/CFNetwork
0x0000000005188000 	/System/Library/Frameworks/SystemConfiguration.framework/Versions/A/SystemConfiguration
0x0000000005188000 	/usr/lib/libCRFSuite.dylib
0x0000000005188000 	/usr/lib/libc++.1.dylib
0x0000000005188000 	/usr/lib/libc++abi.dylib
0x0000000005188000 	/usr/lib/system/libcache.dylib
0x0000000005188000 	/usr/lib/system/libcommonCrypto.dylib
0x0000000005188000 	/usr/lib/system/libcompiler_rt.dylib
0x0000000005188000 	/usr/lib/system/libcopyfile.dylib
0x0000000005188000 	/usr/lib/system/libcorecrypto.dylib
0x0000000005188000 	/usr/lib/system/libdispatch.dylib
0x0000000005188000 	/usr/lib/system/libdyld.dylib
0x0000000005188000 	/usr/lib/system/libkeymgr.dylib
0x0000000005188000 	/usr/lib/system/liblaunch.dylib
0x0000000005188000 	/usr/lib/system/libmacho.dylib
0x0000000005188000 	/usr/lib/system/libquarantine.dylib
0x0000000005188000 	/usr/lib/system/libremovefile.dylib
0x0000000005188000 	/usr/lib/system/libsystem_asl.dylib
0x0000000005188000 	/usr/lib/system/libsystem_blocks.dylib
0x0000000005188000 	/usr/lib/system/libsystem_c.dylib
0x0000000005188000 	/usr/lib/system/libsystem_configuration.dylib
0x0000000005188000 	/usr/lib/system/libsystem_coreservices.dylib
0x0000000005188000 	/usr/lib/system/libsystem_coretls.dylib
0x0000000005188000 	/usr/lib/system/libsystem_dnssd.dylib
0x0000000005188000 	/usr/lib/system/libsystem_info.dylib
0x0000000005188000 	/usr/lib/system/libsystem_kernel.dylib
0x0000000005188000 	/usr/lib/system/libsystem_m.dylib
0x0000000005188000 	/usr/lib/system/libsystem_malloc.dylib
0x0000000005188000 	/usr/lib/system/libsystem_network.dylib
0x0000000005188000 	/usr/lib/system/libsystem_networkextension.dylib
0x0000000005188000 	/usr/lib/system/libsystem_notify.dylib
0x0000000005188000 	/usr/lib/system/libsystem_platform.dylib
0x0000000005188000 	/usr/lib/system/libsystem_pthread.dylib
0x0000000005188000 	/usr/lib/system/libsystem_sandbox.dylib
0x0000000005188000 	/usr/lib/system/libsystem_secinit.dylib
0x0000000005188000 	/usr/lib/system/libsystem_trace.dylib
0x0000000005188000 	/usr/lib/system/libunc.dylib
0x0000000005188000 	/usr/lib/system/libunwind.dylib
0x0000000005188000 	/usr/lib/system/libxpc.dylib
0x0000000005188000 	/usr/lib/libenergytrace.dylib
0x0000000005188000 	/usr/lib/libbsm.0.dylib
0x0000000005188000 	/usr/lib/system/libkxld.dylib
0x0000000005188000 	/usr/lib/libxar.1.dylib
0x0000000005188000 	/usr/lib/libsqlite3.dylib
0x0000000005188000 	/usr/lib/libpam.2.dylib
0x0000000005188000 	/usr/lib/libOpenScriptingUtil.dylib
0x0000000005188000 	/usr/lib/libbz2.1.0.dylib
0x0000000005188000 	/usr/lib/liblzma.5.dylib
0x0000000005188000 	/System/Library/Frameworks/CoreServices.framework/Versions/A/Frameworks/FSEvents.framework/Versions/A/FSEvents
0x0000000005188000 	/System/Library/Frameworks/CoreServices.framework/Versions/A/Frameworks/CarbonCore.framework/Versions/A/CarbonCore
0x0000000005188000 	/System/Library/Frameworks/CoreServices.framework/Versions/A/Frameworks/Metadata.framework/Versions/A/Metadata
0x0000000005188000 	/System/Library/Frameworks/CoreServices.framework/Versions/A/Frameworks/OSServices.framework/Versions/A/OSServices
0x0000000005188000 	/System/Library/Frameworks/CoreServices.framework/Versions/A/Frameworks/SearchKit.framework/Versions/A/SearchKit
0x0000000005188000 	/System/Library/Frameworks/CoreServices.framework/Versions/A/Frameworks/AE.framework/Versions/A/AE
0x0000000005188000 	/System/Library/Frameworks/CoreServices.framework/Versions/A/Frameworks/LaunchServices.framework/Versions/A/LaunchServices
0x0000000005188000 	/System/Library/Frameworks/CoreServices.framework/Versions/A/Frameworks/DictionaryServices.framework/Versions/A/DictionaryServices
0x0000000005188000 	/System/Library/Frameworks/CoreServices.framework/Versions/A/Frameworks/SharedFileList.framework/Versions/A/SharedFileList
0x0000000005188000 	/System/Library/Frameworks/NetFS.framework/Versions/A/NetFS
0x0000000005188000 	/System/Library/PrivateFrameworks/NetAuth.framework/Versions/A/NetAuth
0x0000000005188000 	/System/Library/PrivateFrameworks/login.framework/Versions/A/Frameworks/loginsupport.framework/Versions/A/loginsupport
0x0000000005188000 	/System/Library/PrivateFrameworks/TCC.framework/Versions/A/TCC
0x0000000005188000 	/usr/lib/libmecabra.dylib
0x0000000005188000 	/System/Library/Frameworks/ApplicationServices.framework/Versions/A/Frameworks/ATS.framework/Versions/A/ATS
0x0000000005188000 	/System/Library/Frameworks/ApplicationServices.framework/Versions/A/Frameworks/ColorSync.framework/Versions/A/ColorSync
0x0000000005188000 	/System/Library/Frameworks/ApplicationServices.framework/Versions/A/Frameworks/HIServices.framework/Versions/A/HIServices
0x0000000005188000 	/System/Library/Frameworks/ApplicationServices.framework/Versions/A/Frameworks/LangAnalysis.framework/Versions/A/LangAnalysis
0x0000000005188000 	/System/Library/Frameworks/ApplicationServices.framework/Versions/A/Frameworks/PrintCore.framework/Versions/A/PrintCore
0x0000000005188000 	/System/Library/Frameworks/ApplicationServices.framework/Versions/A/Frameworks/QD.framework/Versions/A/QD
0x0000000005188000 	/System/Library/Frameworks/ApplicationServices.framework/Versions/A/Frameworks/SpeechSynthesis.framework/Versions/A/SpeechSynthesis
0x0000000005188000 	/System/Library/Frameworks/Metal.framework/Versions/A/Metal
0x0000000005188000 	/System/Library/Frameworks/Accelerate.framework/Versions/A/Frameworks/vImage.framework/Versions/A/vImage
0x0000000005188000 	/System/Library/Frameworks/Accelerate.framework/Versions/A/Frameworks/vecLib.framework/Versions/A/vecLib
0x0000000005188000 	/System/Library/Frameworks/Accelerate.framework/Versions/A/Frameworks/vecLib.framework/Versions/A/libvDSP.dylib
0x0000000005188000 	/System/Library/Frameworks/Accelerate.framework/Versions/A/Frameworks/vecLib.framework/Versions/A/libvMisc.dylib
0x0000000005188000 	/System/Library/Frameworks/Accelerate.framework/Versions/A/Frameworks/vecLib.framework/Versions/A/libLAPACK.dylib
0x0000000005188000 	/System/Library/Frameworks/Accelerate.framework/Versions/A/Frameworks/vecLib.framework/Versions/A/libBLAS.dylib
0x0000000005188000 	/System/Library/Frameworks/Accelerate.framework/Versions/A/Frameworks/vecLib.framework/Versions/A/libLinearAlgebra.dylib
0x0000000005188000 	/System/Library/Frameworks/Accelerate.framework/Versions/A/Frameworks/vecLib.framework/Versions/A/libSparseBLAS.dylib
0x0000000005188000 	/System/Library/PrivateFrameworks/GPUCompiler.framework/libmetal_timestamp.dylib
0x0000000005188000 	/System/Library/Frameworks/OpenGL.framework/Versions/A/Libraries/libCoreFSCache.dylib
0x0000000005188000 	/System/Library/PrivateFrameworks/IOAccelerator.framework/Versions/A/IOAccelerator
0x0000000005188000 	/System/Library/Frameworks/ApplicationServices.framework/Versions/A/Frameworks/ATS.framework/Versions/A/Resources/libFontParser.dylib
0x0000000005188000 	/System/Library/Frameworks/ApplicationServices.framework/Versions/A/Frameworks/ATS.framework/Versions/A/Resources/libFontRegistry.dylib
0x0000000005188000 	/System/Library/PrivateFrameworks/AppleVPA.framework/Versions/A/AppleVPA
0x0000000005188000 	/System/Library/PrivateFrameworks/AppleJPEG.framework/Versions/A/AppleJPEG
0x0000000005188000 	/System/Library/Frameworks/ImageIO.framework/Versions/A/Resources/libJPEG.dylib
0x0000000005188000 	/System/Library/Frameworks/ImageIO.framework/Versions/A/Resources/libTIFF.dylib
0x0000000005188000 	/System/Library/Frameworks/ImageIO.framework/Versions/A/Resources/libPng.dylib
0x0000000005188000 	/System/Library/Frameworks/ImageIO.framework/Versions/A/Resources/libGIF.dylib
0x0000000005188000 	/System/Library/Frameworks/ImageIO.framework/Versions/A/Resources/libJP2.dylib
0x0000000005188000 	/System/Library/Frameworks/ImageIO.framework/Versions/A/Resources/libRadiance.dylib
0x0000000005188000 	/System/Library/Frameworks/CoreVideo.framework/Versions/A/CoreVideo
0x0000000005188000 	/System/Library/Frameworks/OpenGL.framework/Versions/A/Libraries/libGLU.dylib
0x0000000005188000 	/System/Library/Frameworks/OpenGL.framework/Versions/A/Libraries/libGFXShared.dylib
0x0000000005188000 	/System/Library/Frameworks/OpenGL.framework/Versions/A/Libraries/libGL.dylib
0x0000000005188000 	/System/Library/Frameworks/OpenGL.framework/Versions/A/Libraries/libGLImage.dylib
0x0000000005188000 	/System/Library/Frameworks/OpenGL.framework/Versions/A/Libraries/libCVMSPluginSupport.dylib
0x0000000005188000 	/System/Library/Frameworks/OpenGL.framework/Versions/A/Libraries/libCoreVMClient.dylib
0x0000000005188000 	/usr/lib/libcups.2.dylib
0x0000000005188000 	/System/Library/Frameworks/Kerberos.framework/Versions/A/Kerberos
0x0000000005188000 	/System/Library/Frameworks/GSS.framework/Versions/A/GSS
0x0000000005188000 	/usr/lib/libresolv.9.dylib
0x0000000005188000 	/usr/lib/libiconv.2.dylib
0x0000000005188000 	/System/Library/PrivateFrameworks/Heimdal.framework/Versions/A/Heimdal
0x0000000005188000 	/usr/lib/libheimdal-asn1.dylib
0x0000000005188000 	/System/Library/Frameworks/OpenDirectory.framework/Versions/A/OpenDirectory
0x0000000005188000 	/System/Library/PrivateFrameworks/CommonAuth.framework/Versions/A/CommonAuth
0x0000000005188000 	/System/Library/Frameworks/OpenDirectory.framework/Versions/A/Frameworks/CFOpenDirectory.framework/Versions/A/CFOpenDirectory
0x0000000005188000 	/System/Library/Frameworks/SecurityFoundation.framework/Versions/A/SecurityFoundation
0x0000000005188000 	/System/Library/PrivateFrameworks/LanguageModeling.framework/Versions/A/LanguageModeling
0x0000000005188000 	/usr/lib/libmarisa.dylib
0x0000000005188000 	/usr/lib/libChineseTokenizer.dylib
0x0000000005188000 	/usr/lib/libcmph.dylib
0x0000000005188000 	/usr/lib/libcompression.dylib
0x0000000005188000 	/System/Library/Frameworks/ServiceManagement.framework/Versions/A/ServiceManagement
0x0000000005188000 	/usr/lib/libxslt.1.dylib
0x0000000005188000 	/System/Library/Frameworks/Carbon.framework/Versions/A/Frameworks/Ink.framework/Versions/A/Ink
0x0000000005188000 	/usr/lib/libFosl_dynamic.dylib
0x0000000005188000 	/System/Library/PrivateFrameworks/FaceCore.framework/Versions/A/FaceCore
0x0000000005188000 	/System/Library/Frameworks/OpenCL.framework/Versions/A/OpenCL
0x0000000005188000 	/System/Library/PrivateFrameworks/CrashReporterSupport.framework/Versions/A/CrashReporterSupport
0x0000000005188000 	/System/Library/PrivateFrameworks/IconServices.framework/Versions/A/IconServices
0x0000000005188000 	/System/Library/PrivateFrameworks/Apple80211.framework/Versions/A/Apple80211
0x0000000005188000 	/System/Library/Frameworks/CoreWLAN.framework/Versions/A/CoreWLAN
0x0000000005188000 	/System/Library/Frameworks/IOBluetooth.framework/Versions/A/IOBluetooth
0x0000000005188000 	/System/Library/PrivateFrameworks/CoreWiFi.framework/Versions/A/CoreWiFi
0x0000000005188000 	/System/Library/Frameworks/CoreBluetooth.framework/Versions/A/CoreBluetooth
0x0000000005188000 	/System/Library/PrivateFrameworks/ChunkingLibrary.framework/Versions/A/ChunkingLibrary
0x0000000005188000 	/System/Library/PrivateFrameworks/DebugSymbols.framework/Versions/A/DebugSymbols
0x0000000005188000 	/System/Library/PrivateFrameworks/CoreSymbolication.framework/Versions/A/CoreSymbolication
0x0000000005188000 	/System/Library/PrivateFrameworks/Symbolication.framework/Versions/A/Symbolication
0x0000000005188000 	/System/Library/PrivateFrameworks/SpeechRecognitionCore.framework/Versions/A/SpeechRecognitionCore
0x0000000108800000 	/Library/Java/JavaVirtualMachines/jdk1.8.0_45.jdk/Contents/Home/jre/lib/server/libjvm.dylib
0x0000000005188000 	/usr/lib/libstdc++.6.dylib
0x0000000107e45000 	/Library/Java/JavaVirtualMachines/jdk1.8.0_45.jdk/Contents/Home/jre/lib/libverify.dylib
0x0000000107e53000 	/Library/Java/JavaVirtualMachines/jdk1.8.0_45.jdk/Contents/Home/jre/lib/libjava.dylib
0x0000000107e92000 	/Library/Java/JavaVirtualMachines/jdk1.8.0_45.jdk/Contents/Home/jre/lib/libzip.dylib
0x000000011ef6a000 	/System/Library/Frameworks/JavaVM.framework/Frameworks/JavaRuntimeSupport.framework/JavaRuntimeSupport
0x000000011ef85000 	/System/Library/Frameworks/JavaVM.framework/Versions/A/Frameworks/JavaNativeFoundation.framework/Versions/A/JavaNativeFoundation
0x000000011ef9a000 	/System/Library/Frameworks/JavaVM.framework/Versions/A/JavaVM
0x0000000005188000 	/System/Library/Frameworks/Carbon.framework/Versions/A/Carbon
0x000000011efa7000 	/System/Library/PrivateFrameworks/JavaLaunching.framework/Versions/A/JavaLaunching
0x0000000005188000 	/System/Library/Frameworks/Carbon.framework/Versions/A/Frameworks/CommonPanels.framework/Versions/A/CommonPanels
0x0000000005188000 	/System/Library/Frameworks/Carbon.framework/Versions/A/Frameworks/Help.framework/Versions/A/Help
0x0000000005188000 	/System/Library/Frameworks/Carbon.framework/Versions/A/Frameworks/ImageCapture.framework/Versions/A/ImageCapture
0x0000000005188000 	/System/Library/Frameworks/Carbon.framework/Versions/A/Frameworks/OpenScripting.framework/Versions/A/OpenScripting
0x0000000005188000 	/System/Library/Frameworks/Carbon.framework/Versions/A/Frameworks/Print.framework/Versions/A/Print
0x0000000005188000 	/System/Library/Frameworks/Carbon.framework/Versions/A/Frameworks/SecurityHI.framework/Versions/A/SecurityHI
0x00000001209f9000 	/Applications/IntelliJ IDEA 14.app/Contents/bin/libbreakgen64.jnilib
0x00000001209fc000 	/Library/Java/JavaVirtualMachines/jdk1.8.0_45.jdk/Contents/Home/jre/lib/libnet.dylib
0x0000000120af1000 	/Library/Java/JavaVirtualMachines/jdk1.8.0_45.jdk/Contents/Home/jre/lib/libprism_es2.dylib
0x0000000005188000 	/System/Library/Frameworks/OpenGL.framework/Versions/A/Resources/GLEngine.bundle/GLEngine
0x0000000005188000 	/System/Library/Frameworks/OpenGL.framework/Versions/A/Libraries/libGLProgrammability.dylib
0x0000000120b73000 	/System/Library/Extensions/AppleIntelHD4000GraphicsGLDriver.bundle/Contents/MacOS/AppleIntelHD4000GraphicsGLDriver
0x0000000005188000 	/System/Library/PrivateFrameworks/GPUSupport.framework/Versions/A/Libraries/libGPUSupportMercury.dylib
0x0000000005188000 	/System/Library/Frameworks/OpenGL.framework/Versions/A/Resources/GLRendererFloat.bundle/GLRendererFloat
0x0000000005188000 	/System/Library/Frameworks/OpenCL.framework/Versions/A/Libraries/libcldcpuengine.dylib
0x0000000005188000 	/System/Library/PrivateFrameworks/DiskImages.framework/Versions/A/DiskImages
0x0000000005188000 	/System/Library/Frameworks/DiscRecording.framework/Versions/A/DiscRecording
0x0000000005188000 	/usr/lib/libcsfde.dylib
0x0000000005188000 	/usr/lib/libcurl.4.dylib
0x0000000005188000 	/System/Library/PrivateFrameworks/MediaKit.framework/Versions/A/MediaKit
0x0000000005188000 	/System/Library/PrivateFrameworks/ProtectedCloudStorage.framework/Versions/A/ProtectedCloudStorage
0x0000000005188000 	/usr/lib/libCoreStorage.dylib
0x0000000005188000 	/System/Library/PrivateFrameworks/EFILogin.framework/Versions/A/EFILogin
0x0000000005188000 	/usr/lib/libutil.dylib
0x0000000005188000 	/System/Library/PrivateFrameworks/FindMyDevice.framework/Versions/A/FindMyDevice
0x0000000005188000 	/System/Library/Frameworks/LDAP.framework/Versions/A/LDAP
0x0000000005188000 	/usr/lib/libsasl2.2.dylib
0x0000000005188000 	/System/Library/PrivateFrameworks/CoreDaemon.framework/Versions/B/CoreDaemon
0x0000000005188000 	/usr/lib/libcrypto.0.9.8.dylib
0x0000000005188000 	/System/Library/PrivateFrameworks/AppleSRP.framework/Versions/A/AppleSRP
0x0000000005188000 	/System/Library/PrivateFrameworks/TrustEvaluationAgent.framework/Versions/A/TrustEvaluationAgent
0x0000000121670000 	/Library/Java/JavaVirtualMachines/jdk1.8.0_45.jdk/Contents/Home/jre/lib/libglass.dylib
0x0000000005188000 	/System/Library/PrivateFrameworks/CoreServicesInternal.framework/Versions/A/CoreServicesInternal
0x0000000005188000 	/System/Library/CoreServices/RawCamera.bundle/Contents/MacOS/RawCamera
0x0000000005188000 	/System/Library/Frameworks/CoreGraphics.framework/Versions/A/Resources/libRIP.A.dylib
0x0000000005188000 	/System/Library/Frameworks/Accelerate.framework/Versions/A/Frameworks/vImage.framework/Versions/A/Libraries/libCGInterfaces.dylib
0x0000000005188000 	/System/Library/PrivateFrameworks/FamilyControls.framework/Versions/A/FamilyControls
0x0000000005188000 	/System/Library/PrivateFrameworks/CommerceKit.framework/Versions/A/Frameworks/CommerceCore.framework/Versions/A/CommerceCore
0x0000000005188000 	/System/Library/PrivateFrameworks/SystemAdministration.framework/Versions/A/SystemAdministration
0x0000000005188000 	/System/Library/PrivateFrameworks/AppContainer.framework/Versions/A/AppContainer
0x0000000005188000 	/System/Library/PrivateFrameworks/SecCodeWrapper.framework/Versions/A/SecCodeWrapper
0x0000000005188000 	/System/Library/Frameworks/DirectoryService.framework/Versions/A/DirectoryService
0x0000000005188000 	/System/Library/PrivateFrameworks/LoginUIKit.framework/Versions/A/Frameworks/LoginUICore.framework/Versions/A/LoginUICore
0x0000000005188000 	/usr/lib/libodfde.dylib
0x00000001240a0000 	/Library/Java/JavaVirtualMachines/jdk1.8.0_45.jdk/Contents/Home/jre/lib/libjavafx_font.dylib
0x0000000005188000 	/System/Library/Frameworks/CoreGraphics.framework/Versions/A/Resources/libCGXType.A.dylib
0x0000000125c57000 	cl_kernels
0x0000000005188000 	/System/Library/Frameworks/OpenCL.framework/Versions/A/Libraries/ImageFormats/unorm8_bgra.dylib
0x0000000005188000 	/System/Library/Frameworks/OpenCL.framework/Versions/A/Libraries/ImageFormats/unorm8_rgba.dylib
0x000000012785f000 	/Library/Java/JavaVirtualMachines/jdk1.8.0_45.jdk/Contents/Home/jre/lib/libprism_common.dylib
0x0000000127ec1000 	/System/Library/Extensions/AppleIntelHD4000GraphicsMTLDriver.bundle/Contents/MacOS/AppleIntelHD4000GraphicsMTLDriver
0x0000000005188000 	/System/Library/PrivateFrameworks/Shortcut.framework/Versions/A/Shortcut
0x0000000005188000 	/System/Library/PrivateFrameworks/HelpData.framework/Versions/A/HelpData
0x0000000005188000 	/usr/lib/libtidy.A.dylib

VM Arguments:
jvm_args: -Didea.launcher.port=7536 -Didea.launcher.bin.path=/Applications/IntelliJ IDEA 14.app/Contents/bin -Dfile.encoding=UTF-8 
java_command: com.intellij.rt.execution.application.AppMain com.team9.bookingsystem.Ui
java_class_path (initial): /Library/Java/JavaVirtualMachines/jdk1.8.0_45.jdk/Contents/Home/lib/ant-javafx.jar:/Library/Java/JavaVirtualMachines/jdk1.8.0_45.jdk/Contents/Home/lib/dt.jar:/Library/Java/JavaVirtualMachines/jdk1.8.0_45.jdk/Contents/Home/lib/javafx-mx.jar:/Library/Java/JavaVirtualMachines/jdk1.8.0_45.jdk/Contents/Home/lib/jconsole.jar:/Library/Java/JavaVirtualMachines/jdk1.8.0_45.jdk/Contents/Home/lib/packager.jar:/Library/Java/JavaVirtualMachines/jdk1.8.0_45.jdk/Contents/Home/lib/sa-jdi.jar:/Library/Java/JavaVirtualMachines/jdk1.8.0_45.jdk/Contents/Home/lib/tools.jar:/Library/Java/JavaVirtualMachines/jdk1.8.0_45.jdk/Contents/Home/jre/lib/charsets.jar:/Library/Java/JavaVirtualMachines/jdk1.8.0_45.jdk/Contents/Home/jre/lib/deploy.jar:/Library/Java/JavaVirtualMachines/jdk1.8.0_45.jdk/Contents/Home/jre/lib/javaws.jar:/Library/Java/JavaVirtualMachines/jdk1.8.0_45.jdk/Contents/Home/jre/lib/jce.jar:/Library/Java/JavaVirtualMachines/jdk1.8.0_45.jdk/Contents/Home/jre/lib/jfr.jar:/Library/Java/JavaVirtualMachines/jdk1.8.0_45.jdk/Contents/Home/jre/lib/jfxswt.jar:/Library/Java/JavaVirtualMachines/jdk1.8.0_45.jdk/Contents/Home/jre/lib/jsse.jar:/Library/Java/JavaVirtualMachines/jdk1.8.0_45.jdk/Contents/Home/jre/lib/management-agent.jar:/Library/Java/JavaVirtualMachines/jdk1.8.0_45.jdk/Contents/Home/jre/lib/plugin.jar:/Library/Java/JavaVirtualMachines/jdk1.8.0_45.jdk/Contents/Home/jre/lib/resources.jar:/Library/Java/JavaVirtualMachines/jdk1.8.0_45.jdk/Contents/Home/jre/lib/rt.jar:/Library/Java/JavaVirtualMachines/jdk1.8.0_45.jdk/Contents/Home/jre/lib/ext/cldrdata.jar:/Library/Java/JavaVirtualMachines/jdk1.8.0_45.jdk/Contents/Home/jre/lib/ext/dnsns.jar:/Library/Java/JavaVirtualMachines/jdk1.8.0_45.jdk/Contents/Home/jre/lib/ext/jfxrt.jar:/Library/Java/JavaVirtualMachines/jdk1.8.0_45.jdk/Contents/Home/jre/lib/ext/localedata.jar:/Library/Java/JavaVirtualMachines/jdk1.8.0_45.jdk/Contents/Home/jre/lib/ext/nashorn.jar:/Library/Java/JavaVirtualMachines/jdk1.8.0_45.jdk/Conten
Launcher Type: SUN_STANDARD

Environment Variables:
PATH=/usr/local/bin:/usr/bin:/bin:/usr/sbin:/sbin:/opt/X11/bin
SHELL=/bin/bash
DISPLAY=/private/tmp/com.apple.launchd.Y0UHFdD0QR/org.macosforge.xquartz:0

Signal Handlers:
SIGSEGV: [libjvm.dylib+0x58ef95], sa_mask[0]=11111111011111110111111111111111, sa_flags=SA_ONSTACK|SA_RESTART|SA_SIGINFO
SIGBUS: [libjvm.dylib+0x58ef95], sa_mask[0]=11111111011111110111111111111111, sa_flags=SA_RESTART|SA_SIGINFO
SIGFPE: [libjvm.dylib+0x46c108], sa_mask[0]=11111111011111110111111111111111, sa_flags=SA_RESTART|SA_SIGINFO
SIGPIPE: [libjvm.dylib+0x46c108], sa_mask[0]=11111111011111110111111111111111, sa_flags=SA_RESTART|SA_SIGINFO
SIGXFSZ: [libjvm.dylib+0x46c108], sa_mask[0]=11111111011111110111111111111111, sa_flags=SA_RESTART|SA_SIGINFO
SIGILL: [libjvm.dylib+0x46c108], sa_mask[0]=11111111011111110111111111111111, sa_flags=SA_RESTART|SA_SIGINFO
SIGUSR1: SIG_DFL, sa_mask[0]=00000000000000000000000000000000, sa_flags=none
SIGUSR2: [libjvm.dylib+0x46bc26], sa_mask[0]=00100000000000000000000000000000, sa_flags=SA_RESTART|SA_SIGINFO
SIGHUP: [libjvm.dylib+0x46a1f9], sa_mask[0]=11111111011111110111111111111111, sa_flags=SA_RESTART|SA_SIGINFO
SIGINT: [libjvm.dylib+0x46a1f9], sa_mask[0]=11111111011111110111111111111111, sa_flags=SA_RESTART|SA_SIGINFO
SIGTERM: [libjvm.dylib+0x46a1f9], sa_mask[0]=11111111011111110111111111111111, sa_flags=SA_RESTART|SA_SIGINFO
SIGQUIT: [libjvm.dylib+0x46a1f9], sa_mask[0]=11111111011111110111111111111111, sa_flags=SA_RESTART|SA_SIGINFO


---------------  S Y S T E M  ---------------

OS:Bsduname:Darwin 15.0.0 Darwin Kernel Version 15.0.0: Sat Sep 19 15:53:46 PDT 2015; root:xnu-3247.10.11~1/RELEASE_X86_64 x86_64
rlimit: STACK 8192k, CORE 0k, NPROC 709, NOFILE 10240, AS infinity
load average:5.12 4.82 4.60

CPU:total 4 (2 cores per cpu, 2 threads per core) family 6 model 58 stepping 9, cmov, cx8, fxsr, mmx, sse, sse2, sse3, ssse3, sse4.1, sse4.2, popcnt, avx, aes, clmul, erms, ht, tsc, tscinvbit, tscinv

Memory: 4k page, physical 8388608k(33256k free)

/proc/meminfo:


vm_info: Java HotSpot(TM) 64-Bit Server VM (25.45-b02) for bsd-amd64 JRE (1.8.0_45-b14), built on Apr 10 2015 10:46:38 by "java_re" with gcc 4.2.1 (Based on Apple Inc. build 5658) (LLVM build 2336.11.00)

time: Wed Dec  9 13:36:51 2015
elapsed time: 27 seconds (0d 0h 0m 27s)

